This file contains any messages produced by compilers while
running configure, to aid debugging if configure makes a mistake.

It was created by daq configure 2.0.7, which was
generated by GNU Autoconf 2.69.  Invocation command line was

  $ ./configure 

## --------- ##
## Platform. ##
## --------- ##

hostname = ubuntuu
uname -m = x86_64
uname -r = 5.4.0-56-generic
uname -s = Linux
uname -v = #62-Ubuntu SMP Mon Nov 23 19:20:19 UTC 2020

/usr/bin/uname -p = x86_64
/bin/uname -X     = unknown

/bin/arch              = x86_64
/usr/bin/arch -k       = unknown
/usr/convex/getsysinfo = unknown
/usr/bin/hostinfo      = unknown
/bin/machine           = unknown
/usr/bin/oslevel       = unknown
/bin/universe          = unknown

PATH: /usr/local/sbin
PATH: /usr/local/bin
PATH: /usr/sbin
PATH: /usr/bin
PATH: /sbin
PATH: /bin
PATH: /usr/games
PATH: /usr/local/games
PATH: /snap/bin


## ----------- ##
## Core tests. ##
## ----------- ##

configure:2488: checking for a BSD-compatible install
configure:2556: result: /usr/bin/install -c
configure:2567: checking whether build environment is sane
configure:2622: result: yes
configure:2771: checking for a thread-safe mkdir -p
configure:2810: result: /usr/bin/mkdir -p
configure:2817: checking for gawk
configure:2833: found /usr/bin/gawk
configure:2844: result: gawk
configure:2855: checking whether make sets $(MAKE)
configure:2877: result: yes
configure:2906: checking whether make supports nested variables
configure:2923: result: yes
configure:3099: checking for gcc
configure:3115: found /usr/bin/gcc
configure:3126: result: gcc
configure:3355: checking for C compiler version
configure:3364: gcc --version >&5
gcc (Ubuntu 9.3.0-17ubuntu1~20.04) 9.3.0
Copyright (C) 2019 Free Software Foundation, Inc.
This is free software; see the source for copying conditions.  There is NO
warranty; not even for MERCHANTABILITY or FITNESS FOR A PARTICULAR PURPOSE.

configure:3375: $? = 0
configure:3364: gcc -v >&5
Using built-in specs.
COLLECT_GCC=gcc
COLLECT_LTO_WRAPPER=/usr/lib/gcc/x86_64-linux-gnu/9/lto-wrapper
OFFLOAD_TARGET_NAMES=nvptx-none:hsa
OFFLOAD_TARGET_DEFAULT=1
Target: x86_64-linux-gnu
Configured with: ../src/configure -v --with-pkgversion='Ubuntu 9.3.0-17ubuntu1~20.04' --with-bugurl=file:///usr/share/doc/gcc-9/README.Bugs --enable-languages=c,ada,c++,go,brig,d,fortran,objc,obj-c++,gm2 --prefix=/usr --with-gcc-major-version-only --program-suffix=-9 --program-prefix=x86_64-linux-gnu- --enable-shared --enable-linker-build-id --libexecdir=/usr/lib --without-included-gettext --enable-threads=posix --libdir=/usr/lib --enable-nls --enable-clocale=gnu --enable-libstdcxx-debug --enable-libstdcxx-time=yes --with-default-libstdcxx-abi=new --enable-gnu-unique-object --disable-vtable-verify --enable-plugin --enable-default-pie --with-system-zlib --with-target-system-zlib=auto --enable-objc-gc=auto --enable-multiarch --disable-werror --with-arch-32=i686 --with-abi=m64 --with-multilib-list=m32,m64,mx32 --enable-multilib --with-tune=generic --enable-offload-targets=nvptx-none=/build/gcc-9-HskZEa/gcc-9-9.3.0/debian/tmp-nvptx/usr,hsa --without-cuda-driver --enable-checking=release --build=x86_64-linux-gnu --host=x86_64-linux-gnu --target=x86_64-linux-gnu
Thread model: posix
gcc version 9.3.0 (Ubuntu 9.3.0-17ubuntu1~20.04) 
configure:3375: $? = 0
configure:3364: gcc -V >&5
gcc: error: unrecognized command line option '-V'
gcc: fatal error: no input files
compilation terminated.
configure:3375: $? = 1
configure:3364: gcc -qversion >&5
gcc: error: unrecognized command line option '-qversion'; did you mean '--version'?
gcc: fatal error: no input files
compilation terminated.
configure:3375: $? = 1
configure:3395: checking whether the C compiler works
configure:3417: gcc    conftest.c  >&5
configure:3421: $? = 0
configure:3469: result: yes
configure:3472: checking for C compiler default output file name
configure:3474: result: a.out
configure:3480: checking for suffix of executables
configure:3487: gcc -o conftest    conftest.c  >&5
configure:3491: $? = 0
configure:3513: result: 
configure:3535: checking whether we are cross compiling
configure:3543: gcc -o conftest    conftest.c  >&5
configure:3547: $? = 0
configure:3554: ./conftest
configure:3558: $? = 0
configure:3546: result: no
configure:3551: checking for suffix of object files
configure:3573: gcc -c   conftest.c >&5
configure:3577: $? = 0
configure:3598: result: o
configure:3602: checking whether we are using the GNU C compiler
configure:3621: gcc -c   conftest.c >&5
configure:3621: $? = 0
configure:3630: result: yes
configure:3639: checking whether gcc accepts -g
configure:3659: gcc -c -g  conftest.c >&5
configure:3659: $? = 0
configure:3700: result: yes
configure:3717: checking for gcc option to accept ISO C89
configure:3780: gcc  -c -g -O2  conftest.c >&5
configure:3780: $? = 0
configure:3793: result: none needed
configure:3818: checking whether gcc understands -c and -o together
configure:3840: gcc -c conftest.c -o conftest2.o
configure:3843: $? = 0
configure:3840: gcc -c conftest.c -o conftest2.o
configure:3843: $? = 0
configure:3855: result: yes
configure:3883: checking for style of include used by make
configure:3911: result: GNU
configure:3937: checking dependency style of gcc
configure:4048: result: gcc3
configure:4092: checking build system type
configure:4106: result: x86_64-unknown-linux-gnu
configure:4126: checking host system type
configure:4139: result: x86_64-unknown-linux-gnu
configure:4180: checking how to print strings
configure:4207: result: printf
configure:4228: checking for a sed that does not truncate output
configure:4292: result: /usr/bin/sed
configure:4310: checking for grep that handles long lines and -e
configure:4368: result: /usr/bin/grep
configure:4373: checking for egrep
configure:4435: result: /usr/bin/grep -E
configure:4440: checking for fgrep
configure:4502: result: /usr/bin/grep -F
configure:4537: checking for ld used by gcc
configure:4604: result: /usr/bin/ld
configure:4611: checking if the linker (/usr/bin/ld) is GNU ld
configure:4626: result: yes
configure:4638: checking for BSD- or MS-compatible name lister (nm)
configure:4692: result: /usr/bin/nm -B
configure:4822: checking the name lister (/usr/bin/nm -B) interface
configure:4829: gcc -c -g -O2  conftest.c >&5
configure:4832: /usr/bin/nm -B "conftest.o"
configure:4835: output
0000000000000000 B some_variable
configure:4836: result: BSD nm
configure:4839: checking whether ln -s works
configure:4843: result: yes
configure:4851: checking the maximum length of command line arguments
configure:4982: result: 1572864
configure:5030: checking how to convert x86_64-unknown-linux-gnu file names to x86_64-unknown-linux-gnu format
configure:5070: result: func_convert_file_noop
configure:5077: checking how to convert x86_64-unknown-linux-gnu file names to toolchain format
configure:5097: result: func_convert_file_noop
configure:5104: checking for /usr/bin/ld option to reload object files
configure:5111: result: -r
configure:5185: checking for objdump
configure:5201: found /usr/bin/objdump
configure:5212: result: objdump
configure:5244: checking how to recognize dependent libraries
configure:5444: result: pass_all
configure:5529: checking for dlltool
configure:5559: result: no
configure:5589: checking how to associate runtime and link libraries
configure:5616: result: printf %s\n
configure:5677: checking for ar
configure:5693: found /usr/bin/ar
configure:5704: result: ar
configure:5741: checking for archiver @FILE support
configure:5758: gcc -c -g -O2  conftest.c >&5
configure:5758: $? = 0
configure:5761: ar cru libconftest.a @conftest.lst >&5
ar: `u' modifier ignored since `D' is the default (see `U')
configure:5764: $? = 0
configure:5769: ar cru libconftest.a @conftest.lst >&5
ar: `u' modifier ignored since `D' is the default (see `U')
ar: conftest.o: No such file or directory
configure:5772: $? = 1
configure:5771: result: @
configure:5829: checking for strip
configure:5845: found /usr/bin/strip
configure:5856: result: strip
configure:5928: checking for ranlib
configure:5944: found /usr/bin/ranlib
configure:5955: result: ranlib
configure:6057: checking command to parse /usr/bin/nm -B output from gcc object
configure:6210: gcc -c -g -O2  conftest.c >&5
configure:6213: $? = 0
configure:6217: /usr/bin/nm -B conftest.o \| sed -n -e 's/^.*[ ]\([ABCDGIRSTW][ABCDGIRSTW]*\)[ ][ ]*\([_A-Za-z][_A-Za-z0-9]*\)$/\1 \2 \2/p' | sed '/ __gnu_lto/d' \> conftest.nm
configure:6220: $? = 0
configure:6286: gcc -o conftest -g -O2   conftest.c conftstm.o >&5
configure:6289: $? = 0
configure:6327: result: ok
configure:6374: checking for sysroot
configure:6404: result: no
configure:6411: checking for a working dd
configure:6449: result: /usr/bin/dd
configure:6453: checking how to truncate binary pipes
configure:6468: result: /usr/bin/dd bs=4096 count=1
configure:6604: gcc -c -g -O2  conftest.c >&5
configure:6607: $? = 0
configure:6797: checking for mt
configure:6813: found /usr/bin/mt
configure:6824: result: mt
configure:6847: checking if mt is a manifest tool
configure:6853: mt '-?'
configure:6861: result: no
configure:7538: checking how to run the C preprocessor
configure:7569: gcc -E  conftest.c
configure:7569: $? = 0
configure:7583: gcc -E  conftest.c
conftest.c:11:10: fatal error: ac_nonexistent.h: No such file or directory
   11 | #include <ac_nonexistent.h>
      |          ^~~~~~~~~~~~~~~~~~
compilation terminated.
configure:7583: $? = 1
configure: failed program was:
| /* confdefs.h */
| #define PACKAGE_NAME "daq"
| #define PACKAGE_TARNAME "daq"
| #define PACKAGE_VERSION "2.0.7"
| #define PACKAGE_STRING "daq 2.0.7"
| #define PACKAGE_BUGREPORT "snort-team@sourcefire.com"
| #define PACKAGE_URL ""
| #define PACKAGE "daq"
| #define VERSION "2.0.7"
| /* end confdefs.h.  */
| #include <ac_nonexistent.h>
configure:7608: result: gcc -E
configure:7628: gcc -E  conftest.c
configure:7628: $? = 0
configure:7642: gcc -E  conftest.c
conftest.c:11:10: fatal error: ac_nonexistent.h: No such file or directory
   11 | #include <ac_nonexistent.h>
      |          ^~~~~~~~~~~~~~~~~~
compilation terminated.
configure:7642: $? = 1
configure: failed program was:
| /* confdefs.h */
| #define PACKAGE_NAME "daq"
| #define PACKAGE_TARNAME "daq"
| #define PACKAGE_VERSION "2.0.7"
| #define PACKAGE_STRING "daq 2.0.7"
| #define PACKAGE_BUGREPORT "snort-team@sourcefire.com"
| #define PACKAGE_URL ""
| #define PACKAGE "daq"
| #define VERSION "2.0.7"
| /* end confdefs.h.  */
| #include <ac_nonexistent.h>
configure:7671: checking for ANSI C header files
configure:7691: gcc -c -g -O2  conftest.c >&5
configure:7691: $? = 0
configure:7764: gcc -o conftest -g -O2   conftest.c  >&5
configure:7764: $? = 0
configure:7764: ./conftest
configure:7764: $? = 0
configure:7775: result: yes
configure:7788: checking for sys/types.h
configure:7788: gcc -c -g -O2  conftest.c >&5
configure:7788: $? = 0
configure:7788: result: yes
configure:7788: checking for sys/stat.h
configure:7788: gcc -c -g -O2  conftest.c >&5
configure:7788: $? = 0
configure:7788: result: yes
configure:7788: checking for stdlib.h
configure:7788: gcc -c -g -O2  conftest.c >&5
configure:7788: $? = 0
configure:7788: result: yes
configure:7788: checking for string.h
configure:7788: gcc -c -g -O2  conftest.c >&5
configure:7788: $? = 0
configure:7788: result: yes
configure:7788: checking for memory.h
configure:7788: gcc -c -g -O2  conftest.c >&5
configure:7788: $? = 0
configure:7788: result: yes
configure:7788: checking for strings.h
configure:7788: gcc -c -g -O2  conftest.c >&5
configure:7788: $? = 0
configure:7788: result: yes
configure:7788: checking for inttypes.h
configure:7788: gcc -c -g -O2  conftest.c >&5
configure:7788: $? = 0
configure:7788: result: yes
configure:7788: checking for stdint.h
configure:7788: gcc -c -g -O2  conftest.c >&5
configure:7788: $? = 0
configure:7788: result: yes
configure:7788: checking for unistd.h
configure:7788: gcc -c -g -O2  conftest.c >&5
configure:7788: $? = 0
configure:7788: result: yes
configure:7802: checking for dlfcn.h
configure:7802: gcc -c -g -O2  conftest.c >&5
configure:7802: $? = 0
configure:7802: result: yes
configure:8058: checking for objdir
configure:8073: result: .libs
configure:8337: checking if gcc supports -fno-rtti -fno-exceptions
configure:8355: gcc -c -g -O2  -fno-rtti -fno-exceptions conftest.c >&5
cc1: warning: command line option '-fno-rtti' is valid for C++/D/ObjC++ but not for C
configure:8359: $? = 0
configure:8372: result: no
configure:8730: checking for gcc option to produce PIC
configure:8737: result: -fPIC -DPIC
configure:8745: checking if gcc PIC flag -fPIC -DPIC works
configure:8763: gcc -c -g -O2  -fPIC -DPIC -DPIC conftest.c >&5
configure:8767: $? = 0
configure:8780: result: yes
configure:8809: checking if gcc static flag -static works
configure:8837: result: yes
configure:8852: checking if gcc supports -c -o file.o
configure:8873: gcc -c -g -O2  -o out/conftest2.o conftest.c >&5
configure:8877: $? = 0
configure:8899: result: yes
configure:8907: checking if gcc supports -c -o file.o
configure:8954: result: yes
configure:8987: checking whether the gcc linker (/usr/bin/ld -m elf_x86_64) supports shared libraries
configure:10246: result: yes
configure:10283: checking whether -lc should be explicitly linked in
configure:10291: gcc -c -g -O2  conftest.c >&5
configure:10294: $? = 0
configure:10309: gcc -shared  -fPIC -DPIC conftest.o  -v -Wl,-soname -Wl,conftest -o conftest 2\>\&1 \| /usr/bin/grep  -lc  \>/dev/null 2\>\&1
configure:10312: $? = 0
configure:10326: result: no
configure:10486: checking dynamic linker characteristics
configure:11067: gcc -o conftest -g -O2   -Wl,-rpath -Wl,/foo conftest.c  >&5
configure:11067: $? = 0
configure:11304: result: GNU/Linux ld.so
configure:11426: checking how to hardcode library paths into programs
configure:11451: result: immediate
configure:11999: checking whether stripping libraries is possible
configure:12004: result: yes
configure:12039: checking if libtool supports shared libraries
configure:12041: result: yes
configure:12044: checking whether to build shared libraries
configure:12069: result: yes
configure:12072: checking whether to build static libraries
configure:12076: result: yes
configure:8909: checking for visibility support
configure:8934: gcc -c -g -O2 -Werror -fvisibility=hidden  conftest.c >&5
configure:8934: $? = 0
configure:8943: result: yes
configure:8974: checking CFLAGS for gcc -Wall
configure:9001: gcc -c -g -O2 -fvisibility=hidden -pedantic -Werror  -Wall  conftest.c >&5
configure:9001: $? = 0
configure:9015: result: -Wall
configure:9028: : CFLAGS="$CFLAGS $var"
configure:9031: $? = 0
configure:9038: checking CFLAGS for gcc -Wwrite-strings
configure:9065: gcc -c -g -O2 -fvisibility=hidden -Wall -pedantic -Werror  -Wwrite-strings  conftest.c >&5
configure:9065: $? = 0
configure:9079: result: -Wwrite-strings
configure:9092: : CFLAGS="$CFLAGS $var"
configure:9095: $? = 0
configure:9102: checking CFLAGS for gcc -Wsign-compare
configure:9129: gcc -c -g -O2 -fvisibility=hidden -Wall -Wwrite-strings -pedantic -Werror  -Wsign-compare  conftest.c >&5
configure:9129: $? = 0
configure:9143: result: -Wsign-compare
configure:9156: : CFLAGS="$CFLAGS $var"
configure:9159: $? = 0
configure:9166: checking CFLAGS for gcc -Wcast-align
configure:9193: gcc -c -g -O2 -fvisibility=hidden -Wall -Wwrite-strings -Wsign-compare -pedantic -Werror  -Wcast-align  conftest.c >&5
configure:9193: $? = 0
configure:9207: result: -Wcast-align
configure:9220: : CFLAGS="$CFLAGS $var"
configure:9223: $? = 0
configure:9230: checking CFLAGS for gcc -Wextra
configure:9257: gcc -c -g -O2 -fvisibility=hidden -Wall -Wwrite-strings -Wsign-compare -Wcast-align -pedantic -Werror  -Wextra  conftest.c >&5
configure:9257: $? = 0
configure:9271: result: -Wextra
configure:9284: : CFLAGS="$CFLAGS $var"
configure:9287: $? = 0
configure:9294: checking CFLAGS for gcc -Wformat
configure:9321: gcc -c -g -O2 -fvisibility=hidden -Wall -Wwrite-strings -Wsign-compare -Wcast-align -Wextra -pedantic -Werror  -Wformat  conftest.c >&5
configure:9321: $? = 0
configure:9335: result: -Wformat
configure:9348: : CFLAGS="$CFLAGS $var"
configure:9351: $? = 0
configure:9358: checking CFLAGS for gcc -Wformat-security
configure:9385: gcc -c -g -O2 -fvisibility=hidden -Wall -Wwrite-strings -Wsign-compare -Wcast-align -Wextra -Wformat -pedantic -Werror  -Wformat-security  conftest.c >&5
configure:9385: $? = 0
configure:9399: result: -Wformat-security
configure:9412: : CFLAGS="$CFLAGS $var"
configure:9415: $? = 0
configure:9422: checking CFLAGS for gcc -Wno-unused-parameter
configure:9449: gcc -c -g -O2 -fvisibility=hidden -Wall -Wwrite-strings -Wsign-compare -Wcast-align -Wextra -Wformat -Wformat-security -pedantic -Werror  -Wno-unused-parameter  conftest.c >&5
configure:9449: $? = 0
configure:9463: result: -Wno-unused-parameter
configure:9476: : CFLAGS="$CFLAGS $var"
configure:9479: $? = 0
configure:9486: checking CFLAGS for gcc -fno-strict-aliasing
configure:9513: gcc -c -g -O2 -fvisibility=hidden -Wall -Wwrite-strings -Wsign-compare -Wcast-align -Wextra -Wformat -Wformat-security -Wno-unused-parameter -pedantic -Werror  -fno-strict-aliasing  conftest.c >&5
configure:9513: $? = 0
configure:9527: result: -fno-strict-aliasing
configure:9540: : CFLAGS="$CFLAGS $var"
configure:9543: $? = 0
configure:9550: checking CFLAGS for gcc -fdiagnostics-show-option
configure:9577: gcc -c -g -O2 -fvisibility=hidden -Wall -Wwrite-strings -Wsign-compare -Wcast-align -Wextra -Wformat -Wformat-security -Wno-unused-parameter -fno-strict-aliasing -pedantic -Werror  -fdiagnostics-show-option  conftest.c >&5
configure:9577: $? = 0
configure:9591: result: -fdiagnostics-show-option
configure:9604: : CFLAGS="$CFLAGS $var"
configure:9607: $? = 0
configure:9614: checking CFLAGS for gcc -pedantic -std=c99 -D_GNU_SOURCE
configure:9641: gcc -c -g -O2 -fvisibility=hidden -Wall -Wwrite-strings -Wsign-compare -Wcast-align -Wextra -Wformat -Wformat-security -Wno-unused-parameter -fno-strict-aliasing -fdiagnostics-show-option -pedantic -Werror  -pedantic -std=c99 -D_GNU_SOURCE  conftest.c >&5
configure:9641: $? = 0
configure:9655: result: -pedantic -std=c99 -D_GNU_SOURCE
configure:9668: : CFLAGS="$CFLAGS $var"
configure:9671: $? = 0
configure:9690: checking for getaddrinfo
configure:9690: gcc -o conftest -g -O2 -fvisibility=hidden -Wall -Wwrite-strings -Wsign-compare -Wcast-align -Wextra -Wformat -Wformat-security -Wno-unused-parameter -fno-strict-aliasing -fdiagnostics-show-option -pedantic -std=c99 -D_GNU_SOURCE   conftest.c  >&5
configure:9690: $? = 0
configure:9690: result: yes
configure:9730: checking for flex
configure:9746: found /usr/bin/flex
configure:9757: result: flex
configure:9772: checking for flex 2.4 or higher
configure:9784: result: yes
configure:9800: checking for bison
configure:9816: found /usr/bin/bison
configure:9827: result: bison
configure:9979: checking linux/if_ether.h usability
configure:9979: gcc -c -g -O2 -fvisibility=hidden -Wall -Wwrite-strings -Wsign-compare -Wcast-align -Wextra -Wformat -Wformat-security -Wno-unused-parameter -fno-strict-aliasing -fdiagnostics-show-option -pedantic -std=c99 -D_GNU_SOURCE   conftest.c >&5
configure:9979: $? = 0
configure:9979: result: yes
configure:9979: checking linux/if_ether.h presence
configure:9979: gcc -E   conftest.c
configure:9979: $? = 0
configure:9979: result: yes
configure:9979: checking for linux/if_ether.h
configure:9979: result: yes
configure:9979: checking linux/if_packet.h usability
configure:9979: gcc -c -g -O2 -fvisibility=hidden -Wall -Wwrite-strings -Wsign-compare -Wcast-align -Wextra -Wformat -Wformat-security -Wno-unused-parameter -fno-strict-aliasing -fdiagnostics-show-option -pedantic -std=c99 -D_GNU_SOURCE   conftest.c >&5
configure:9979: $? = 0
configure:9979: result: yes
configure:9979: checking linux/if_packet.h presence
configure:9979: gcc -E   conftest.c
configure:9979: $? = 0
configure:9979: result: yes
configure:9979: checking for linux/if_packet.h
configure:9979: result: yes
configure:9991: checking whether TPACKET2_HDRLEN is declared
configure:9991: gcc -c -g -O2 -fvisibility=hidden -Wall -Wwrite-strings -Wsign-compare -Wcast-align -Wextra -Wformat -Wformat-security -Wno-unused-parameter -fno-strict-aliasing -fdiagnostics-show-option -pedantic -std=c99 -D_GNU_SOURCE   conftest.c >&5
configure:9991: $? = 0
configure:9991: result: yes
configure:10007: checking whether PACKET_TX_RING is declared
configure:10007: gcc -c -g -O2 -fvisibility=hidden -Wall -Wwrite-strings -Wsign-compare -Wcast-align -Wextra -Wformat -Wformat-security -Wno-unused-parameter -fno-strict-aliasing -fdiagnostics-show-option -pedantic -std=c99 -D_GNU_SOURCE   conftest.c >&5
configure:10007: $? = 0
configure:10007: result: yes
configure:10046: checking pcap.h usability
configure:10046: gcc -c -g -O2 -fvisibility=hidden -Wall -Wwrite-strings -Wsign-compare -Wcast-align -Wextra -Wformat -Wformat-security -Wno-unused-parameter -fno-strict-aliasing -fdiagnostics-show-option -pedantic -std=c99 -D_GNU_SOURCE   conftest.c >&5
configure:10046: $? = 0
configure:10046: result: yes
configure:10046: checking pcap.h presence
configure:10046: gcc -E   conftest.c
configure:10046: $? = 0
configure:10046: result: yes
configure:10046: checking for pcap.h
configure:10046: result: yes
configure:10054: checking for pcap_lib_version in -lpcap
configure:10079: gcc -o conftest -g -O2 -fvisibility=hidden -Wall -Wwrite-strings -Wsign-compare -Wcast-align -Wextra -Wformat -Wformat-security -Wno-unused-parameter -fno-strict-aliasing -fdiagnostics-show-option -pedantic -std=c99 -D_GNU_SOURCE    conftest.c -lpcap   >&5
configure:10079: $? = 0
configure:10088: result: yes
configure:10146: checking netinet/in.h usability
configure:10146: gcc -c -g -O2 -fvisibility=hidden -Wall -Wwrite-strings -Wsign-compare -Wcast-align -Wextra -Wformat -Wformat-security -Wno-unused-parameter -fno-strict-aliasing -fdiagnostics-show-option -pedantic -std=c99 -D_GNU_SOURCE   conftest.c >&5
configure:10146: $? = 0
configure:10146: result: yes
configure:10146: checking netinet/in.h presence
configure:10146: gcc -E   conftest.c
configure:10146: $? = 0
configure:10146: result: yes
configure:10146: checking for netinet/in.h
configure:10146: result: yes
configure:10146: checking libipq.h usability
configure:10146: gcc -c -g -O2 -fvisibility=hidden -Wall -Wwrite-strings -Wsign-compare -Wcast-align -Wextra -Wformat -Wformat-security -Wno-unused-parameter -fno-strict-aliasing -fdiagnostics-show-option -pedantic -std=c99 -D_GNU_SOURCE   conftest.c >&5
conftest.c:64:10: fatal error: libipq.h: No such file or directory
   64 | #include <libipq.h>
      |          ^~~~~~~~~~
compilation terminated.
configure:10146: $? = 1
configure: failed program was:
| /* confdefs.h */
| #define PACKAGE_NAME "daq"
| #define PACKAGE_TARNAME "daq"
| #define PACKAGE_VERSION "2.0.7"
| #define PACKAGE_STRING "daq 2.0.7"
| #define PACKAGE_BUGREPORT "snort-team@sourcefire.com"
| #define PACKAGE_URL ""
| #define PACKAGE "daq"
| #define VERSION "2.0.7"
| #define STDC_HEADERS 1
| #define HAVE_SYS_TYPES_H 1
| #define HAVE_SYS_STAT_H 1
| #define HAVE_STDLIB_H 1
| #define HAVE_STRING_H 1
| #define HAVE_MEMORY_H 1
| #define HAVE_STRINGS_H 1
| #define HAVE_INTTYPES_H 1
| #define HAVE_STDINT_H 1
| #define HAVE_UNISTD_H 1
| #define HAVE_DLFCN_H 1
| #define LT_OBJDIR ".libs/"
| #define HAVE_VISIBILITY 1
| #define INET6 1
| #define HAVE_LINUX_IF_ETHER_H 1
| #define HAVE_LINUX_IF_PACKET_H 1
| #define HAVE_DECL_TPACKET2_HDRLEN 1
| #define HAVE_DECL_PACKET_TX_RING 1
| #define HAVE_LIBPCAP 1
| #define HAVE_NETINET_IN_H 1
| /* end confdefs.h.  */
| #include <stdio.h>
| #ifdef HAVE_SYS_TYPES_H
| # include <sys/types.h>
| #endif
| #ifdef HAVE_SYS_STAT_H
| # include <sys/stat.h>
| #endif
| #ifdef STDC_HEADERS
| # include <stdlib.h>
| # include <stddef.h>
| #else
| # ifdef HAVE_STDLIB_H
| #  include <stdlib.h>
| # endif
| #endif
| #ifdef HAVE_STRING_H
| # if !defined STDC_HEADERS && defined HAVE_MEMORY_H
| #  include <memory.h>
| # endif
| # include <string.h>
| #endif
| #ifdef HAVE_STRINGS_H
| # include <strings.h>
| #endif
| #ifdef HAVE_INTTYPES_H
| # include <inttypes.h>
| #endif
| #ifdef HAVE_STDINT_H
| # include <stdint.h>
| #endif
| #ifdef HAVE_UNISTD_H
| # include <unistd.h>
| #endif
| #include <libipq.h>
configure:10146: result: no
configure:10146: checking libipq.h presence
configure:10146: gcc -E   conftest.c
conftest.c:31:10: fatal error: libipq.h: No such file or directory
   31 | #include <libipq.h>
      |          ^~~~~~~~~~
compilation terminated.
configure:10146: $? = 1
configure: failed program was:
| /* confdefs.h */
| #define PACKAGE_NAME "daq"
| #define PACKAGE_TARNAME "daq"
| #define PACKAGE_VERSION "2.0.7"
| #define PACKAGE_STRING "daq 2.0.7"
| #define PACKAGE_BUGREPORT "snort-team@sourcefire.com"
| #define PACKAGE_URL ""
| #define PACKAGE "daq"
| #define VERSION "2.0.7"
| #define STDC_HEADERS 1
| #define HAVE_SYS_TYPES_H 1
| #define HAVE_SYS_STAT_H 1
| #define HAVE_STDLIB_H 1
| #define HAVE_STRING_H 1
| #define HAVE_MEMORY_H 1
| #define HAVE_STRINGS_H 1
| #define HAVE_INTTYPES_H 1
| #define HAVE_STDINT_H 1
| #define HAVE_UNISTD_H 1
| #define HAVE_DLFCN_H 1
| #define LT_OBJDIR ".libs/"
| #define HAVE_VISIBILITY 1
| #define INET6 1
| #define HAVE_LINUX_IF_ETHER_H 1
| #define HAVE_LINUX_IF_PACKET_H 1
| #define HAVE_DECL_TPACKET2_HDRLEN 1
| #define HAVE_DECL_PACKET_TX_RING 1
| #define HAVE_LIBPCAP 1
| #define HAVE_NETINET_IN_H 1
| /* end confdefs.h.  */
| #include <libipq.h>
configure:10146: result: no
configure:10146: checking for libipq.h
configure:10146: result: no
configure:10158: checking for linux/netfilter.h
configure:10158: gcc -c -g -O2 -fvisibility=hidden -Wall -Wwrite-strings -Wsign-compare -Wcast-align -Wextra -Wformat -Wformat-security -Wno-unused-parameter -fno-strict-aliasing -fdiagnostics-show-option -pedantic -std=c99 -D_GNU_SOURCE   conftest.c >&5
configure:10158: $? = 0
configure:10158: result: yes
configure:10194: checking for netinet/in.h
configure:10194: result: yes
configure:10194: checking libnetfilter_queue/libnetfilter_queue.h usability
configure:10194: gcc -c -g -O2 -fvisibility=hidden -Wall -Wwrite-strings -Wsign-compare -Wcast-align -Wextra -Wformat -Wformat-security -Wno-unused-parameter -fno-strict-aliasing -fdiagnostics-show-option -pedantic -std=c99 -D_GNU_SOURCE   conftest.c >&5
conftest.c:65:10: fatal error: libnetfilter_queue/libnetfilter_queue.h: No such file or directory
   65 | #include <libnetfilter_queue/libnetfilter_queue.h>
      |          ^~~~~~~~~~~~~~~~~~~~~~~~~~~~~~~~~~~~~~~~~
compilation terminated.
configure:10194: $? = 1
configure: failed program was:
| /* confdefs.h */
| #define PACKAGE_NAME "daq"
| #define PACKAGE_TARNAME "daq"
| #define PACKAGE_VERSION "2.0.7"
| #define PACKAGE_STRING "daq 2.0.7"
| #define PACKAGE_BUGREPORT "snort-team@sourcefire.com"
| #define PACKAGE_URL ""
| #define PACKAGE "daq"
| #define VERSION "2.0.7"
| #define STDC_HEADERS 1
| #define HAVE_SYS_TYPES_H 1
| #define HAVE_SYS_STAT_H 1
| #define HAVE_STDLIB_H 1
| #define HAVE_STRING_H 1
| #define HAVE_MEMORY_H 1
| #define HAVE_STRINGS_H 1
| #define HAVE_INTTYPES_H 1
| #define HAVE_STDINT_H 1
| #define HAVE_UNISTD_H 1
| #define HAVE_DLFCN_H 1
| #define LT_OBJDIR ".libs/"
| #define HAVE_VISIBILITY 1
| #define INET6 1
| #define HAVE_LINUX_IF_ETHER_H 1
| #define HAVE_LINUX_IF_PACKET_H 1
| #define HAVE_DECL_TPACKET2_HDRLEN 1
| #define HAVE_DECL_PACKET_TX_RING 1
| #define HAVE_LIBPCAP 1
| #define HAVE_NETINET_IN_H 1
| #define HAVE_NETINET_IN_H 1
| /* end confdefs.h.  */
| #include <stdio.h>
| #ifdef HAVE_SYS_TYPES_H
| # include <sys/types.h>
| #endif
| #ifdef HAVE_SYS_STAT_H
| # include <sys/stat.h>
| #endif
| #ifdef STDC_HEADERS
| # include <stdlib.h>
| # include <stddef.h>
| #else
| # ifdef HAVE_STDLIB_H
| #  include <stdlib.h>
| # endif
| #endif
| #ifdef HAVE_STRING_H
| # if !defined STDC_HEADERS && defined HAVE_MEMORY_H
| #  include <memory.h>
| # endif
| # include <string.h>
| #endif
| #ifdef HAVE_STRINGS_H
| # include <strings.h>
| #endif
| #ifdef HAVE_INTTYPES_H
| # include <inttypes.h>
| #endif
| #ifdef HAVE_STDINT_H
| # include <stdint.h>
| #endif
| #ifdef HAVE_UNISTD_H
| # include <unistd.h>
| #endif
| #include <libnetfilter_queue/libnetfilter_queue.h>
configure:10194: result: no
configure:10194: checking libnetfilter_queue/libnetfilter_queue.h presence
configure:10194: gcc -E   conftest.c
conftest.c:32:10: fatal error: libnetfilter_queue/libnetfilter_queue.h: No such file or directory
   32 | #include <libnetfilter_queue/libnetfilter_queue.h>
      |          ^~~~~~~~~~~~~~~~~~~~~~~~~~~~~~~~~~~~~~~~~
compilation terminated.
configure:10194: $? = 1
configure: failed program was:
| /* confdefs.h */
| #define PACKAGE_NAME "daq"
| #define PACKAGE_TARNAME "daq"
| #define PACKAGE_VERSION "2.0.7"
| #define PACKAGE_STRING "daq 2.0.7"
| #define PACKAGE_BUGREPORT "snort-team@sourcefire.com"
| #define PACKAGE_URL ""
| #define PACKAGE "daq"
| #define VERSION "2.0.7"
| #define STDC_HEADERS 1
| #define HAVE_SYS_TYPES_H 1
| #define HAVE_SYS_STAT_H 1
| #define HAVE_STDLIB_H 1
| #define HAVE_STRING_H 1
| #define HAVE_MEMORY_H 1
| #define HAVE_STRINGS_H 1
| #define HAVE_INTTYPES_H 1
| #define HAVE_STDINT_H 1
| #define HAVE_UNISTD_H 1
| #define HAVE_DLFCN_H 1
| #define LT_OBJDIR ".libs/"
| #define HAVE_VISIBILITY 1
| #define INET6 1
| #define HAVE_LINUX_IF_ETHER_H 1
| #define HAVE_LINUX_IF_PACKET_H 1
| #define HAVE_DECL_TPACKET2_HDRLEN 1
| #define HAVE_DECL_PACKET_TX_RING 1
| #define HAVE_LIBPCAP 1
| #define HAVE_NETINET_IN_H 1
| #define HAVE_NETINET_IN_H 1
| /* end confdefs.h.  */
| #include <libnetfilter_queue/libnetfilter_queue.h>
configure:10194: result: no
configure:10194: checking for libnetfilter_queue/libnetfilter_queue.h
configure:10194: result: no
configure:10206: checking for linux/netfilter.h
configure:10206: result: yes
configure:10239: checking for pcap.h
configure:10239: result: yes
configure:10249: checking for pcap_lib_version
configure:10251: checking for pcap_lib_version in -lpcap
configure:10285: result: yes
configure:10300: checking for libpcap version >= "1.0.0"
configure:10330: gcc -o conftest -g -O2 -fvisibility=hidden -Wall -Wwrite-strings -Wsign-compare -Wcast-align -Wextra -Wformat -Wformat-security -Wno-unused-parameter -fno-strict-aliasing -fdiagnostics-show-option -pedantic -std=c99 -D_GNU_SOURCE    conftest.c -lpcap -lpcap  >&5
configure:10330: $? = 0
configure:10330: ./conftest
configure:10330: $? = 0
configure:10340: result: yes
configure:10375: checking for net/netmap.h
configure:10375: gcc -c -g -O2 -fvisibility=hidden -Wall -Wwrite-strings -Wsign-compare -Wcast-align -Wextra -Wformat -Wformat-security -Wno-unused-parameter -fno-strict-aliasing -fdiagnostics-show-option -pedantic -std=c99 -D_GNU_SOURCE   conftest.c >&5
conftest.c:38:10: fatal error: net/netmap.h: No such file or directory
   38 | #include <net/netmap.h>
      |          ^~~~~~~~~~~~~~
compilation terminated.
configure:10375: $? = 1
configure: failed program was:
| /* confdefs.h */
| #define PACKAGE_NAME "daq"
| #define PACKAGE_TARNAME "daq"
| #define PACKAGE_VERSION "2.0.7"
| #define PACKAGE_STRING "daq 2.0.7"
| #define PACKAGE_BUGREPORT "snort-team@sourcefire.com"
| #define PACKAGE_URL ""
| #define PACKAGE "daq"
| #define VERSION "2.0.7"
| #define STDC_HEADERS 1
| #define HAVE_SYS_TYPES_H 1
| #define HAVE_SYS_STAT_H 1
| #define HAVE_STDLIB_H 1
| #define HAVE_STRING_H 1
| #define HAVE_MEMORY_H 1
| #define HAVE_STRINGS_H 1
| #define HAVE_INTTYPES_H 1
| #define HAVE_STDINT_H 1
| #define HAVE_UNISTD_H 1
| #define HAVE_DLFCN_H 1
| #define LT_OBJDIR ".libs/"
| #define HAVE_VISIBILITY 1
| #define INET6 1
| #define HAVE_LINUX_IF_ETHER_H 1
| #define HAVE_LINUX_IF_PACKET_H 1
| #define HAVE_DECL_TPACKET2_HDRLEN 1
| #define HAVE_DECL_PACKET_TX_RING 1
| #define HAVE_LIBPCAP 1
| #define HAVE_NETINET_IN_H 1
| #define HAVE_NETINET_IN_H 1
| /* end confdefs.h.  */
| 
|                       #include <stdint.h>
|                       #include <sys/socket.h>
|                       #include <net/if.h>
| 
| 
| #include <net/netmap.h>
configure:10375: result: no
configure:10375: checking for net/netmap_user.h
configure:10375: gcc -c -g -O2 -fvisibility=hidden -Wall -Wwrite-strings -Wsign-compare -Wcast-align -Wextra -Wformat -Wformat-security -Wno-unused-parameter -fno-strict-aliasing -fdiagnostics-show-option -pedantic -std=c99 -D_GNU_SOURCE   conftest.c >&5
conftest.c:38:10: fatal error: net/netmap_user.h: No such file or directory
   38 | #include <net/netmap_user.h>
      |          ^~~~~~~~~~~~~~~~~~~
compilation terminated.
configure:10375: $? = 1
configure: failed program was:
| /* confdefs.h */
| #define PACKAGE_NAME "daq"
| #define PACKAGE_TARNAME "daq"
| #define PACKAGE_VERSION "2.0.7"
| #define PACKAGE_STRING "daq 2.0.7"
| #define PACKAGE_BUGREPORT "snort-team@sourcefire.com"
| #define PACKAGE_URL ""
| #define PACKAGE "daq"
| #define VERSION "2.0.7"
| #define STDC_HEADERS 1
| #define HAVE_SYS_TYPES_H 1
| #define HAVE_SYS_STAT_H 1
| #define HAVE_STDLIB_H 1
| #define HAVE_STRING_H 1
| #define HAVE_MEMORY_H 1
| #define HAVE_STRINGS_H 1
| #define HAVE_INTTYPES_H 1
| #define HAVE_STDINT_H 1
| #define HAVE_UNISTD_H 1
| #define HAVE_DLFCN_H 1
| #define LT_OBJDIR ".libs/"
| #define HAVE_VISIBILITY 1
| #define INET6 1
| #define HAVE_LINUX_IF_ETHER_H 1
| #define HAVE_LINUX_IF_PACKET_H 1
| #define HAVE_DECL_TPACKET2_HDRLEN 1
| #define HAVE_DECL_PACKET_TX_RING 1
| #define HAVE_LIBPCAP 1
| #define HAVE_NETINET_IN_H 1
| #define HAVE_NETINET_IN_H 1
| /* end confdefs.h.  */
| 
|                       #include <stdint.h>
|                       #include <sys/socket.h>
|                       #include <net/if.h>
| 
| 
| #include <net/netmap_user.h>
configure:10375: result: no
configure:10392: checking whether NETMAP_API is declared
configure:10392: gcc -c -g -O2 -fvisibility=hidden -Wall -Wwrite-strings -Wsign-compare -Wcast-align -Wextra -Wformat -Wformat-security -Wno-unused-parameter -fno-strict-aliasing -fdiagnostics-show-option -pedantic -std=c99 -D_GNU_SOURCE   conftest.c >&5
conftest.c:36:29: fatal error: net/netmap.h: No such file or directory
   36 |                    #include <net/netmap.h>
      |                             ^~~~~~~~~~~~~~
compilation terminated.
configure:10392: $? = 1
configure: failed program was:
| /* confdefs.h */
| #define PACKAGE_NAME "daq"
| #define PACKAGE_TARNAME "daq"
| #define PACKAGE_VERSION "2.0.7"
| #define PACKAGE_STRING "daq 2.0.7"
| #define PACKAGE_BUGREPORT "snort-team@sourcefire.com"
| #define PACKAGE_URL ""
| #define PACKAGE "daq"
| #define VERSION "2.0.7"
| #define STDC_HEADERS 1
| #define HAVE_SYS_TYPES_H 1
| #define HAVE_SYS_STAT_H 1
| #define HAVE_STDLIB_H 1
| #define HAVE_STRING_H 1
| #define HAVE_MEMORY_H 1
| #define HAVE_STRINGS_H 1
| #define HAVE_INTTYPES_H 1
| #define HAVE_STDINT_H 1
| #define HAVE_UNISTD_H 1
| #define HAVE_DLFCN_H 1
| #define LT_OBJDIR ".libs/"
| #define HAVE_VISIBILITY 1
| #define INET6 1
| #define HAVE_LINUX_IF_ETHER_H 1
| #define HAVE_LINUX_IF_PACKET_H 1
| #define HAVE_DECL_TPACKET2_HDRLEN 1
| #define HAVE_DECL_PACKET_TX_RING 1
| #define HAVE_LIBPCAP 1
| #define HAVE_NETINET_IN_H 1
| #define HAVE_NETINET_IN_H 1
| /* end confdefs.h.  */
| 
|                    #include <stdint.h>
|                    #include <sys/socket.h>
|                    #include <net/if.h>
|                    #include <net/netmap.h>
| 
| 
| int
| main ()
| {
| #ifndef NETMAP_API
| #ifdef __cplusplus
|   (void) NETMAP_API;
| #else
|   (void) NETMAP_API;
| #endif
| #endif
| 
|   ;
|   return 0;
| }
configure:10392: result: no
configure:10592: checking for dlopen in -ldl
configure:10617: gcc -o conftest -g -O2 -fvisibility=hidden -Wall -Wwrite-strings -Wsign-compare -Wcast-align -Wextra -Wformat -Wformat-security -Wno-unused-parameter -fno-strict-aliasing -fdiagnostics-show-option -pedantic -std=c99 -D_GNU_SOURCE    conftest.c -ldl   >&5
configure:10617: $? = 0
configure:10626: result: yes
configure:10646: checking for inttypes.h
configure:10646: result: yes
configure:10646: checking for memory.h
configure:10646: result: yes
configure:10646: checking netdb.h usability
configure:10646: gcc -c -g -O2 -fvisibility=hidden -Wall -Wwrite-strings -Wsign-compare -Wcast-align -Wextra -Wformat -Wformat-security -Wno-unused-parameter -fno-strict-aliasing -fdiagnostics-show-option -pedantic -std=c99 -D_GNU_SOURCE   conftest.c >&5
configure:10646: $? = 0
configure:10646: result: yes
configure:10646: checking netdb.h presence
configure:10646: gcc -E   conftest.c
configure:10646: $? = 0
configure:10646: result: yes
configure:10646: checking for netdb.h
configure:10646: result: yes
configure:10646: checking for netinet/in.h
configure:10646: result: yes
configure:10646: checking for stdint.h
configure:10646: result: yes
configure:10646: checking for stdlib.h
configure:10646: result: yes
configure:10646: checking for string.h
configure:10646: result: yes
configure:10646: checking sys/ioctl.h usability
configure:10646: gcc -c -g -O2 -fvisibility=hidden -Wall -Wwrite-strings -Wsign-compare -Wcast-align -Wextra -Wformat -Wformat-security -Wno-unused-parameter -fno-strict-aliasing -fdiagnostics-show-option -pedantic -std=c99 -D_GNU_SOURCE   conftest.c >&5
configure:10646: $? = 0
configure:10646: result: yes
configure:10646: checking sys/ioctl.h presence
configure:10646: gcc -E   conftest.c
configure:10646: $? = 0
configure:10646: result: yes
configure:10646: checking for sys/ioctl.h
configure:10646: result: yes
configure:10646: checking sys/param.h usability
configure:10646: gcc -c -g -O2 -fvisibility=hidden -Wall -Wwrite-strings -Wsign-compare -Wcast-align -Wextra -Wformat -Wformat-security -Wno-unused-parameter -fno-strict-aliasing -fdiagnostics-show-option -pedantic -std=c99 -D_GNU_SOURCE   conftest.c >&5
configure:10646: $? = 0
configure:10646: result: yes
configure:10646: checking sys/param.h presence
configure:10646: gcc -E   conftest.c
configure:10646: $? = 0
configure:10646: result: yes
configure:10646: checking for sys/param.h
configure:10646: result: yes
configure:10646: checking sys/socket.h usability
configure:10646: gcc -c -g -O2 -fvisibility=hidden -Wall -Wwrite-strings -Wsign-compare -Wcast-align -Wextra -Wformat -Wformat-security -Wno-unused-parameter -fno-strict-aliasing -fdiagnostics-show-option -pedantic -std=c99 -D_GNU_SOURCE   conftest.c >&5
configure:10646: $? = 0
configure:10646: result: yes
configure:10646: checking sys/socket.h presence
configure:10646: gcc -E   conftest.c
configure:10646: $? = 0
configure:10646: result: yes
configure:10646: checking for sys/socket.h
configure:10646: result: yes
configure:10646: checking sys/time.h usability
configure:10646: gcc -c -g -O2 -fvisibility=hidden -Wall -Wwrite-strings -Wsign-compare -Wcast-align -Wextra -Wformat -Wformat-security -Wno-unused-parameter -fno-strict-aliasing -fdiagnostics-show-option -pedantic -std=c99 -D_GNU_SOURCE   conftest.c >&5
configure:10646: $? = 0
configure:10646: result: yes
configure:10646: checking sys/time.h presence
configure:10646: gcc -E   conftest.c
configure:10646: $? = 0
configure:10646: result: yes
configure:10646: checking for sys/time.h
configure:10646: result: yes
configure:10646: checking for unistd.h
configure:10646: result: yes
configure:10658: checking for inline
configure:10674: gcc -c -g -O2 -fvisibility=hidden -Wall -Wwrite-strings -Wsign-compare -Wcast-align -Wextra -Wformat -Wformat-security -Wno-unused-parameter -fno-strict-aliasing -fdiagnostics-show-option -pedantic -std=c99 -D_GNU_SOURCE   conftest.c >&5
configure:10674: $? = 0
configure:10682: result: inline
configure:10700: checking for size_t
configure:10700: gcc -c -g -O2 -fvisibility=hidden -Wall -Wwrite-strings -Wsign-compare -Wcast-align -Wextra -Wformat -Wformat-security -Wno-unused-parameter -fno-strict-aliasing -fdiagnostics-show-option -pedantic -std=c99 -D_GNU_SOURCE   conftest.c >&5
configure:10700: $? = 0
configure:10700: gcc -c -g -O2 -fvisibility=hidden -Wall -Wwrite-strings -Wsign-compare -Wcast-align -Wextra -Wformat -Wformat-security -Wno-unused-parameter -fno-strict-aliasing -fdiagnostics-show-option -pedantic -std=c99 -D_GNU_SOURCE   conftest.c >&5
conftest.c: In function 'main':
conftest.c:80:21: error: expected expression before ')' token
   80 | if (sizeof ((size_t)))
      |                     ^
configure:10700: $? = 1
configure: failed program was:
| /* confdefs.h */
| #define PACKAGE_NAME "daq"
| #define PACKAGE_TARNAME "daq"
| #define PACKAGE_VERSION "2.0.7"
| #define PACKAGE_STRING "daq 2.0.7"
| #define PACKAGE_BUGREPORT "snort-team@sourcefire.com"
| #define PACKAGE_URL ""
| #define PACKAGE "daq"
| #define VERSION "2.0.7"
| #define STDC_HEADERS 1
| #define HAVE_SYS_TYPES_H 1
| #define HAVE_SYS_STAT_H 1
| #define HAVE_STDLIB_H 1
| #define HAVE_STRING_H 1
| #define HAVE_MEMORY_H 1
| #define HAVE_STRINGS_H 1
| #define HAVE_INTTYPES_H 1
| #define HAVE_STDINT_H 1
| #define HAVE_UNISTD_H 1
| #define HAVE_DLFCN_H 1
| #define LT_OBJDIR ".libs/"
| #define HAVE_VISIBILITY 1
| #define INET6 1
| #define HAVE_LINUX_IF_ETHER_H 1
| #define HAVE_LINUX_IF_PACKET_H 1
| #define HAVE_DECL_TPACKET2_HDRLEN 1
| #define HAVE_DECL_PACKET_TX_RING 1
| #define HAVE_LIBPCAP 1
| #define HAVE_NETINET_IN_H 1
| #define HAVE_NETINET_IN_H 1
| #define HAVE_INTTYPES_H 1
| #define HAVE_MEMORY_H 1
| #define HAVE_NETDB_H 1
| #define HAVE_NETINET_IN_H 1
| #define HAVE_STDINT_H 1
| #define HAVE_STDLIB_H 1
| #define HAVE_STRING_H 1
| #define HAVE_SYS_IOCTL_H 1
| #define HAVE_SYS_PARAM_H 1
| #define HAVE_SYS_SOCKET_H 1
| #define HAVE_SYS_TIME_H 1
| #define HAVE_UNISTD_H 1
| /* end confdefs.h.  */
| #include <stdio.h>
| #ifdef HAVE_SYS_TYPES_H
| # include <sys/types.h>
| #endif
| #ifdef HAVE_SYS_STAT_H
| # include <sys/stat.h>
| #endif
| #ifdef STDC_HEADERS
| # include <stdlib.h>
| # include <stddef.h>
| #else
| # ifdef HAVE_STDLIB_H
| #  include <stdlib.h>
| # endif
| #endif
| #ifdef HAVE_STRING_H
| # if !defined STDC_HEADERS && defined HAVE_MEMORY_H
| #  include <memory.h>
| # endif
| # include <string.h>
| #endif
| #ifdef HAVE_STRINGS_H
| # include <strings.h>
| #endif
| #ifdef HAVE_INTTYPES_H
| # include <inttypes.h>
| #endif
| #ifdef HAVE_STDINT_H
| # include <stdint.h>
| #endif
| #ifdef HAVE_UNISTD_H
| # include <unistd.h>
| #endif
| int
| main ()
| {
| if (sizeof ((size_t)))
| 	    return 0;
|   ;
|   return 0;
| }
configure:10700: result: yes
configure:10711: checking for uint16_t
configure:10711: gcc -c -g -O2 -fvisibility=hidden -Wall -Wwrite-strings -Wsign-compare -Wcast-align -Wextra -Wformat -Wformat-security -Wno-unused-parameter -fno-strict-aliasing -fdiagnostics-show-option -pedantic -std=c99 -D_GNU_SOURCE   conftest.c >&5
configure:10711: $? = 0
configure:10711: result: yes
configure:10723: checking for uint32_t
configure:10723: gcc -c -g -O2 -fvisibility=hidden -Wall -Wwrite-strings -Wsign-compare -Wcast-align -Wextra -Wformat -Wformat-security -Wno-unused-parameter -fno-strict-aliasing -fdiagnostics-show-option -pedantic -std=c99 -D_GNU_SOURCE   conftest.c >&5
configure:10723: $? = 0
configure:10723: result: yes
configure:10737: checking for uint64_t
configure:10737: gcc -c -g -O2 -fvisibility=hidden -Wall -Wwrite-strings -Wsign-compare -Wcast-align -Wextra -Wformat -Wformat-security -Wno-unused-parameter -fno-strict-aliasing -fdiagnostics-show-option -pedantic -std=c99 -D_GNU_SOURCE   conftest.c >&5
configure:10737: $? = 0
configure:10737: result: yes
configure:10751: checking for uint8_t
configure:10751: gcc -c -g -O2 -fvisibility=hidden -Wall -Wwrite-strings -Wsign-compare -Wcast-align -Wextra -Wformat -Wformat-security -Wno-unused-parameter -fno-strict-aliasing -fdiagnostics-show-option -pedantic -std=c99 -D_GNU_SOURCE   conftest.c >&5
configure:10751: $? = 0
configure:10751: result: yes
configure:10769: checking for stdlib.h
configure:10769: result: yes
configure:10779: checking for GNU libc compatible malloc
configure:10803: gcc -o conftest -g -O2 -fvisibility=hidden -Wall -Wwrite-strings -Wsign-compare -Wcast-align -Wextra -Wformat -Wformat-security -Wno-unused-parameter -fno-strict-aliasing -fdiagnostics-show-option -pedantic -std=c99 -D_GNU_SOURCE    conftest.c  >&5
configure:10803: $? = 0
configure:10803: ./conftest
configure:10803: $? = 0
configure:10813: result: yes
configure:10840: checking for stdlib.h
configure:10840: result: yes
configure:10840: checking for unistd.h
configure:10840: result: yes
configure:10840: checking for sys/param.h
configure:10840: result: yes
configure:10860: checking for getpagesize
configure:10860: gcc -o conftest -g -O2 -fvisibility=hidden -Wall -Wwrite-strings -Wsign-compare -Wcast-align -Wextra -Wformat -Wformat-security -Wno-unused-parameter -fno-strict-aliasing -fdiagnostics-show-option -pedantic -std=c99 -D_GNU_SOURCE    conftest.c  >&5
configure:10860: $? = 0
configure:10860: result: yes
configure:10869: checking for working mmap
configure:11016: gcc -o conftest -g -O2 -fvisibility=hidden -Wall -Wwrite-strings -Wsign-compare -Wcast-align -Wextra -Wformat -Wformat-security -Wno-unused-parameter -fno-strict-aliasing -fdiagnostics-show-option -pedantic -std=c99 -D_GNU_SOURCE    conftest.c  >&5
configure:11016: $? = 0
configure:11016: ./conftest
configure:11016: $? = 0
configure:11026: result: yes
configure:11038: checking for gethostbyname
configure:11038: gcc -o conftest -g -O2 -fvisibility=hidden -Wall -Wwrite-strings -Wsign-compare -Wcast-align -Wextra -Wformat -Wformat-security -Wno-unused-parameter -fno-strict-aliasing -fdiagnostics-show-option -pedantic -std=c99 -D_GNU_SOURCE    conftest.c  >&5
configure:11038: $? = 0
configure:11038: result: yes
configure:11038: checking for getpagesize
configure:11038: result: yes
configure:11038: checking for memset
configure:11038: gcc -o conftest -g -O2 -fvisibility=hidden -Wall -Wwrite-strings -Wsign-compare -Wcast-align -Wextra -Wformat -Wformat-security -Wno-unused-parameter -fno-strict-aliasing -fdiagnostics-show-option -pedantic -std=c99 -D_GNU_SOURCE    conftest.c  >&5
conftest.c:76:6: warning: conflicting types for built-in function 'memset'; expected 'void *(void *, int,  long unsigned int)' [-Wbuiltin-declaration-mismatch]
   76 | char memset ();
      |      ^~~~~~
conftest.c:64:1: note: 'memset' is declared in header '<string.h>'
   63 | # include <limits.h>
   64 | #else
configure:11038: $? = 0
configure:11038: result: yes
configure:11038: checking for munmap
configure:11038: gcc -o conftest -g -O2 -fvisibility=hidden -Wall -Wwrite-strings -Wsign-compare -Wcast-align -Wextra -Wformat -Wformat-security -Wno-unused-parameter -fno-strict-aliasing -fdiagnostics-show-option -pedantic -std=c99 -D_GNU_SOURCE    conftest.c  >&5
configure:11038: $? = 0
configure:11038: result: yes
configure:11038: checking for socket
configure:11038: gcc -o conftest -g -O2 -fvisibility=hidden -Wall -Wwrite-strings -Wsign-compare -Wcast-align -Wextra -Wformat -Wformat-security -Wno-unused-parameter -fno-strict-aliasing -fdiagnostics-show-option -pedantic -std=c99 -D_GNU_SOURCE    conftest.c  >&5
configure:11038: $? = 0
configure:11038: result: yes
configure:11038: checking for strchr
configure:11038: gcc -o conftest -g -O2 -fvisibility=hidden -Wall -Wwrite-strings -Wsign-compare -Wcast-align -Wextra -Wformat -Wformat-security -Wno-unused-parameter -fno-strict-aliasing -fdiagnostics-show-option -pedantic -std=c99 -D_GNU_SOURCE    conftest.c  >&5
conftest.c:79:6: warning: conflicting types for built-in function 'strchr'; expected 'char *(const char *, int)' [-Wbuiltin-declaration-mismatch]
   79 | char strchr ();
      |      ^~~~~~
conftest.c:67:1: note: 'strchr' is declared in header '<string.h>'
   66 | # include <limits.h>
   67 | #else
configure:11038: $? = 0
configure:11038: result: yes
configure:11038: checking for strcspn
configure:11038: gcc -o conftest -g -O2 -fvisibility=hidden -Wall -Wwrite-strings -Wsign-compare -Wcast-align -Wextra -Wformat -Wformat-security -Wno-unused-parameter -fno-strict-aliasing -fdiagnostics-show-option -pedantic -std=c99 -D_GNU_SOURCE    conftest.c  >&5
conftest.c:80:6: warning: conflicting types for built-in function 'strcspn'; expected 'long unsigned int(const char *, const char *)' [-Wbuiltin-declaration-mismatch]
   80 | char strcspn ();
      |      ^~~~~~~
conftest.c:68:1: note: 'strcspn' is declared in header '<string.h>'
   67 | # include <limits.h>
   68 | #else
configure:11038: $? = 0
configure:11038: result: yes
configure:11038: checking for strdup
configure:11038: gcc -o conftest -g -O2 -fvisibility=hidden -Wall -Wwrite-strings -Wsign-compare -Wcast-align -Wextra -Wformat -Wformat-security -Wno-unused-parameter -fno-strict-aliasing -fdiagnostics-show-option -pedantic -std=c99 -D_GNU_SOURCE    conftest.c  >&5
configure:11038: $? = 0
configure:11038: result: yes
configure:11038: checking for strerror
configure:11038: gcc -o conftest -g -O2 -fvisibility=hidden -Wall -Wwrite-strings -Wsign-compare -Wcast-align -Wextra -Wformat -Wformat-security -Wno-unused-parameter -fno-strict-aliasing -fdiagnostics-show-option -pedantic -std=c99 -D_GNU_SOURCE    conftest.c  >&5
configure:11038: $? = 0
configure:11038: result: yes
configure:11038: checking for strrchr
configure:11038: gcc -o conftest -g -O2 -fvisibility=hidden -Wall -Wwrite-strings -Wsign-compare -Wcast-align -Wextra -Wformat -Wformat-security -Wno-unused-parameter -fno-strict-aliasing -fdiagnostics-show-option -pedantic -std=c99 -D_GNU_SOURCE    conftest.c  >&5
conftest.c:83:6: warning: conflicting types for built-in function 'strrchr'; expected 'char *(const char *, int)' [-Wbuiltin-declaration-mismatch]
   83 | char strrchr ();
      |      ^~~~~~~
conftest.c:71:1: note: 'strrchr' is declared in header '<string.h>'
   70 | # include <limits.h>
   71 | #else
configure:11038: $? = 0
configure:11038: result: yes
configure:11038: checking for strstr
configure:11038: gcc -o conftest -g -O2 -fvisibility=hidden -Wall -Wwrite-strings -Wsign-compare -Wcast-align -Wextra -Wformat -Wformat-security -Wno-unused-parameter -fno-strict-aliasing -fdiagnostics-show-option -pedantic -std=c99 -D_GNU_SOURCE    conftest.c  >&5
conftest.c:84:6: warning: conflicting types for built-in function 'strstr'; expected 'char *(const char *, const char *)' [-Wbuiltin-declaration-mismatch]
   84 | char strstr ();
      |      ^~~~~~
conftest.c:72:1: note: 'strstr' is declared in header '<string.h>'
   71 | # include <limits.h>
   72 | #else
configure:11038: $? = 0
configure:11038: result: yes
configure:11038: checking for strtoul
configure:11038: gcc -o conftest -g -O2 -fvisibility=hidden -Wall -Wwrite-strings -Wsign-compare -Wcast-align -Wextra -Wformat -Wformat-security -Wno-unused-parameter -fno-strict-aliasing -fdiagnostics-show-option -pedantic -std=c99 -D_GNU_SOURCE    conftest.c  >&5
configure:11038: $? = 0
configure:11038: result: yes
configure:11157: checking that generated files are newer than configure
configure:11163: result: done
configure:11222: creating ./config.status

## ---------------------- ##
## Running config.status. ##
## ---------------------- ##

This file was extended by daq config.status 2.0.7, which was
generated by GNU Autoconf 2.69.  Invocation command line was

  CONFIG_FILES    = 
  CONFIG_HEADERS  = 
  CONFIG_LINKS    = 
  CONFIG_COMMANDS = 
  $ ./config.status 

on ubuntuu

config.status:1149: creating Makefile
config.status:1149: creating api/Makefile
config.status:1149: creating os-daq-modules/Makefile
config.status:1149: creating os-daq-modules/daq-modules-config
config.status:1149: creating sfbpf/Makefile
config.status:1149: creating config.h
config.status:1330: config.h is unchanged
config.status:1378: executing depfiles commands
config.status:1378: executing libtool commands

## ---------------- ##
## Cache variables. ##
## ---------------- ##

ac_cv_build=x86_64-unknown-linux-gnu
ac_cv_c_compiler_gnu=yes
ac_cv_c_inline=inline
ac_cv_c_uint16_t=yes
ac_cv_c_uint32_t=yes
ac_cv_c_uint64_t=yes
ac_cv_c_uint8_t=yes
ac_cv_env_CC_set=
ac_cv_env_CC_value=
ac_cv_env_CFLAGS_set=
ac_cv_env_CFLAGS_value=
ac_cv_env_CPPFLAGS_set=
ac_cv_env_CPPFLAGS_value=
ac_cv_env_CPP_set=
ac_cv_env_CPP_value=
ac_cv_env_LDFLAGS_set=
ac_cv_env_LDFLAGS_value=
ac_cv_env_LIBS_set=
ac_cv_env_LIBS_value=
ac_cv_env_LT_SYS_LIBRARY_PATH_set=
ac_cv_env_LT_SYS_LIBRARY_PATH_value=
ac_cv_env_build_alias_set=
ac_cv_env_build_alias_value=
ac_cv_env_host_alias_set=
ac_cv_env_host_alias_value=
ac_cv_env_target_alias_set=
ac_cv_env_target_alias_value=
ac_cv_func_getaddrinfo=yes
ac_cv_func_gethostbyname=yes
ac_cv_func_getpagesize=yes
ac_cv_func_malloc_0_nonnull=yes
ac_cv_func_memset=yes
ac_cv_func_mmap_fixed_mapped=yes
ac_cv_func_munmap=yes
ac_cv_func_socket=yes
ac_cv_func_strchr=yes
ac_cv_func_strcspn=yes
ac_cv_func_strdup=yes
ac_cv_func_strerror=yes
ac_cv_func_strrchr=yes
ac_cv_func_strstr=yes
ac_cv_func_strtoul=yes
ac_cv_have_decl_NETMAP_API=no
ac_cv_have_decl_PACKET_TX_RING=yes
ac_cv_have_decl_TPACKET2_HDRLEN=yes
ac_cv_header_dlfcn_h=yes
ac_cv_header_inttypes_h=yes
ac_cv_header_libipq_h=no
ac_cv_header_libnetfilter_queue_libnetfilter_queue_h=no
ac_cv_header_linux_if_ether_h=yes
ac_cv_header_linux_if_packet_h=yes
ac_cv_header_linux_netfilter_h=yes
ac_cv_header_memory_h=yes
ac_cv_header_net_netmap_h=no
ac_cv_header_net_netmap_user_h=no
ac_cv_header_netdb_h=yes
ac_cv_header_netinet_in_h=yes
ac_cv_header_pcap_h=yes
ac_cv_header_stdc=yes
ac_cv_header_stdint_h=yes
ac_cv_header_stdlib_h=yes
ac_cv_header_string_h=yes
ac_cv_header_strings_h=yes
ac_cv_header_sys_ioctl_h=yes
ac_cv_header_sys_param_h=yes
ac_cv_header_sys_socket_h=yes
ac_cv_header_sys_stat_h=yes
ac_cv_header_sys_time_h=yes
ac_cv_header_sys_types_h=yes
ac_cv_header_unistd_h=yes
ac_cv_host=x86_64-unknown-linux-gnu
ac_cv_lbl_flex_v24=yes
ac_cv_lib_dl_dlopen=yes
ac_cv_lib_pcap_pcap_lib_version=yes
ac_cv_objext=o
ac_cv_path_EGREP='/usr/bin/grep -E'
ac_cv_path_FGREP='/usr/bin/grep -F'
ac_cv_path_GREP=/usr/bin/grep
ac_cv_path_SED=/usr/bin/sed
ac_cv_path_install='/usr/bin/install -c'
ac_cv_path_lt_DD=/usr/bin/dd
ac_cv_path_mkdir=/usr/bin/mkdir
ac_cv_prog_AWK=gawk
ac_cv_prog_CPP='gcc -E'
ac_cv_prog_V_LEX=flex
ac_cv_prog_V_YACC=bison
ac_cv_prog_ac_ct_AR=ar
ac_cv_prog_ac_ct_CC=gcc
ac_cv_prog_ac_ct_MANIFEST_TOOL=mt
ac_cv_prog_ac_ct_OBJDUMP=objdump
ac_cv_prog_ac_ct_RANLIB=ranlib
ac_cv_prog_ac_ct_STRIP=strip
ac_cv_prog_cc_c89=
ac_cv_prog_cc_g=yes
ac_cv_prog_make_make_set=yes
ac_cv_type_size_t=yes
am_cv_CC_dependencies_compiler_type=gcc3
am_cv_make_support_nested_variables=yes
am_cv_prog_cc_c_o=yes
ax_cv_cflags_gcc_option__Wall=-Wall
ax_cv_cflags_gcc_option__Wcast_align=-Wcast-align
ax_cv_cflags_gcc_option__Wextra=-Wextra
ax_cv_cflags_gcc_option__Wformat=-Wformat
ax_cv_cflags_gcc_option__Wformat_security=-Wformat-security
ax_cv_cflags_gcc_option__Wno_unused_parameter=-Wno-unused-parameter
ax_cv_cflags_gcc_option__Wsign_compare=-Wsign-compare
ax_cv_cflags_gcc_option__Wwrite_strings=-Wwrite-strings
ax_cv_cflags_gcc_option__fdiagnostics_show_option=-fdiagnostics-show-option
ax_cv_cflags_gcc_option__fno_strict_aliasing=-fno-strict-aliasing
ax_cv_cflags_gcc_option__pedantic__std_c99__D_GNU_SOURCE='-pedantic -std=c99 -D_GNU_SOURCE'
daq_cv_libpcap_version_1x=yes
gl_cv_cc_visibility=yes
lt_cv_ar_at_file=@
lt_cv_archive_cmds_need_lc=no
lt_cv_deplibs_check_method=pass_all
lt_cv_file_magic_cmd='$MAGIC_CMD'
lt_cv_file_magic_test_file=
lt_cv_ld_reload_flag=-r
lt_cv_nm_interface='BSD nm'
lt_cv_objdir=.libs
lt_cv_path_LD=/usr/bin/ld
lt_cv_path_NM='/usr/bin/nm -B'
lt_cv_path_mainfest_tool=no
lt_cv_prog_compiler_c_o=yes
lt_cv_prog_compiler_pic='-fPIC -DPIC'
lt_cv_prog_compiler_pic_works=yes
lt_cv_prog_compiler_rtti_exceptions=no
lt_cv_prog_compiler_static_works=yes
lt_cv_prog_gnu_ld=yes
lt_cv_sharedlib_from_linklib_cmd='printf %s\n'
lt_cv_shlibpath_overrides_runpath=yes
lt_cv_sys_global_symbol_pipe='sed -n -e '\''s/^.*[	 ]\([ABCDGIRSTW][ABCDGIRSTW]*\)[	 ][	 ]*\([_A-Za-z][_A-Za-z0-9]*\)$/\1 \2 \2/p'\'' | sed '\''/ __gnu_lto/d'\'''
lt_cv_sys_global_symbol_to_c_name_address='sed -n -e '\''s/^: \(.*\) .*$/  {"\1", (void *) 0},/p'\'' -e '\''s/^[ABCDGIRSTW][ABCDGIRSTW]* .* \(.*\)$/  {"\1", (void *) \&\1},/p'\'''
lt_cv_sys_global_symbol_to_c_name_address_lib_prefix='sed -n -e '\''s/^: \(.*\) .*$/  {"\1", (void *) 0},/p'\'' -e '\''s/^[ABCDGIRSTW][ABCDGIRSTW]* .* \(lib.*\)$/  {"\1", (void *) \&\1},/p'\'' -e '\''s/^[ABCDGIRSTW][ABCDGIRSTW]* .* \(.*\)$/  {"lib\1", (void *) \&\1},/p'\'''
lt_cv_sys_global_symbol_to_cdecl='sed -n -e '\''s/^T .* \(.*\)$/extern int \1();/p'\'' -e '\''s/^[ABCDGIRSTW][ABCDGIRSTW]* .* \(.*\)$/extern char \1;/p'\'''
lt_cv_sys_global_symbol_to_import=
lt_cv_sys_max_cmd_len=1572864
lt_cv_to_host_file_cmd=func_convert_file_noop
lt_cv_to_tool_file_cmd=func_convert_file_noop
lt_cv_truncate_bin='/usr/bin/dd bs=4096 count=1'

## ----------------- ##
## Output variables. ##
## ----------------- ##

ACLOCAL='${SHELL} /home/ubuntu/Documentos/ProyectoIDS/public/daq-2.0.7/missing aclocal-1.15'
AMDEPBACKSLASH='\'
AMDEP_FALSE='#'
AMDEP_TRUE=''
AMTAR='$${TAR-tar}'
AM_BACKSLASH='\'
AM_DEFAULT_V='$(AM_DEFAULT_VERBOSITY)'
AM_DEFAULT_VERBOSITY='1'
AM_V='$(V)'
AR='ar'
AUTOCONF='${SHELL} /home/ubuntu/Documentos/ProyectoIDS/public/daq-2.0.7/missing autoconf'
AUTOHEADER='${SHELL} /home/ubuntu/Documentos/ProyectoIDS/public/daq-2.0.7/missing autoheader'
AUTOMAKE='${SHELL} /home/ubuntu/Documentos/ProyectoIDS/public/daq-2.0.7/missing automake-1.15'
AWK='gawk'
BUILD_AFPACKET_MODULE_FALSE='#'
BUILD_AFPACKET_MODULE_TRUE=''
BUILD_DUMP_MODULE_FALSE='#'
BUILD_DUMP_MODULE_TRUE=''
BUILD_IPFW_MODULE_FALSE='#'
BUILD_IPFW_MODULE_TRUE=''
BUILD_IPQ_MODULE_FALSE=''
BUILD_IPQ_MODULE_TRUE='#'
BUILD_MODULES_FALSE='#'
BUILD_MODULES_TRUE=''
BUILD_NETMAP_MODULE_FALSE=''
BUILD_NETMAP_MODULE_TRUE='#'
BUILD_NFQ_MODULE_FALSE=''
BUILD_NFQ_MODULE_TRUE='#'
BUILD_PCAP_MODULE_FALSE='#'
BUILD_PCAP_MODULE_TRUE=''
BUILD_SHARED_MODULES_FALSE='#'
BUILD_SHARED_MODULES_TRUE=''
CC='gcc'
CCDEPMODE='depmode=gcc3'
CFLAGS='-g -O2 -fvisibility=hidden -Wall -Wwrite-strings -Wsign-compare -Wcast-align -Wextra -Wformat -Wformat-security -Wno-unused-parameter -fno-strict-aliasing -fdiagnostics-show-option -pedantic -std=c99 -D_GNU_SOURCE'
CPP='gcc -E'
CPPFLAGS=' '
CYGPATH_W='echo'
DEFS='-DHAVE_CONFIG_H'
DEPDIR='.deps'
DLLTOOL='false'
DNET_LDFLAGS=''
DSYMUTIL=''
DUMPBIN=''
ECHO_C=''
ECHO_N='-n'
ECHO_T=''
EGREP='/usr/bin/grep -E'
EXEEXT=''
FGREP='/usr/bin/grep -F'
GREP='/usr/bin/grep'
INSTALL_DATA='${INSTALL} -m 644'
INSTALL_PROGRAM='${INSTALL}'
INSTALL_SCRIPT='${INSTALL}'
INSTALL_STRIP_PROGRAM='$(install_sh) -c -s'
LD='/usr/bin/ld -m elf_x86_64'
LDFLAGS=''
LIBDL='-ldl'
LIBOBJS=''
LIBS=''
LIBTOOL='$(SHELL) $(top_builddir)/libtool'
LIPO=''
LN_S='ln -s'
LTLIBOBJS=''
LT_SYS_LIBRARY_PATH=''
MAKEINFO='${SHELL} /home/ubuntu/Documentos/ProyectoIDS/public/daq-2.0.7/missing makeinfo'
MANIFEST_TOOL=':'
MKDIR_P='/usr/bin/mkdir -p'
NM='/usr/bin/nm -B'
NMEDIT=''
OBJDUMP='objdump'
OBJEXT='o'
OTOOL64=''
OTOOL=''
PACKAGE='daq'
PACKAGE_BUGREPORT='snort-team@sourcefire.com'
PACKAGE_NAME='daq'
PACKAGE_STRING='daq 2.0.7'
PACKAGE_TARNAME='daq'
PACKAGE_URL=''
PACKAGE_VERSION='2.0.7'
PATH_SEPARATOR=':'
RANLIB='ranlib'
SED='/usr/bin/sed'
SET_MAKE=''
SHELL='/bin/bash'
STATIC_LIBS=' -lsfbpf -lpcap -lsfbpf -lpcap'
STRIP='strip'
VERSION='2.0.7'
V_LEX='flex -Psfbpf_'
V_YACC='bison -y -p sfbpf_'
XCCFLAGS=''
ac_ct_AR='ar'
ac_ct_CC='gcc'
ac_ct_DUMPBIN=''
am__EXEEXT_FALSE=''
am__EXEEXT_TRUE='#'
am__fastdepCC_FALSE='#'
am__fastdepCC_TRUE=''
am__include='include'
am__isrc=''
am__leading_dot='.'
am__nodep='_no'
am__quote=''
am__tar='$${TAR-tar} chof - "$$tardir"'
am__untar='$${TAR-tar} xf -'
bindir='${exec_prefix}/bin'
build='x86_64-unknown-linux-gnu'
build_alias=''
build_cpu='x86_64'
build_os='linux-gnu'
build_vendor='unknown'
datadir='${datarootdir}'
datarootdir='${prefix}/share'
docdir='${datarootdir}/doc/${PACKAGE_TARNAME}'
dvidir='${docdir}'
exec_prefix='${prefix}'
host='x86_64-unknown-linux-gnu'
host_alias=''
host_cpu='x86_64'
host_os='linux-gnu'
host_vendor='unknown'
htmldir='${docdir}'
includedir='${prefix}/include'
infodir='${datarootdir}/info'
install_sh='${SHELL} /home/ubuntu/Documentos/ProyectoIDS/public/daq-2.0.7/install-sh'
libdir='${exec_prefix}/lib'
libexecdir='${exec_prefix}/libexec'
localedir='${datarootdir}/locale'
localstatedir='${prefix}/var'
mandir='${datarootdir}/man'
mkdir_p='$(MKDIR_P)'
oldincludedir='/usr/include'
pdfdir='${docdir}'
prefix='/usr/local'
program_transform_name='s,x,x,'
psdir='${docdir}'
runstatedir='${localstatedir}/run'
sbindir='${exec_prefix}/sbin'
sharedstatedir='${prefix}/com'
sysconfdir='${prefix}/etc'
target_alias=''

## ----------- ##
## confdefs.h. ##
## ----------- ##

/* confdefs.h */
#define PACKAGE_NAME "daq"
#define PACKAGE_TARNAME "daq"
#define PACKAGE_VERSION "2.0.7"
#define PACKAGE_STRING "daq 2.0.7"
#define PACKAGE_BUGREPORT "snort-team@sourcefire.com"
#define PACKAGE_URL ""
#define PACKAGE "daq"
#define VERSION "2.0.7"
#define STDC_HEADERS 1
#define HAVE_SYS_TYPES_H 1
#define HAVE_SYS_STAT_H 1
#define HAVE_STDLIB_H 1
#define HAVE_STRING_H 1
#define HAVE_MEMORY_H 1
#define HAVE_STRINGS_H 1
#define HAVE_INTTYPES_H 1
#define HAVE_STDINT_H 1
#define HAVE_UNISTD_H 1
#define HAVE_DLFCN_H 1
#define LT_OBJDIR ".libs/"
#define HAVE_VISIBILITY 1
#define INET6 1
#define HAVE_LINUX_IF_ETHER_H 1
#define HAVE_LINUX_IF_PACKET_H 1
#define HAVE_DECL_TPACKET2_HDRLEN 1
#define HAVE_DECL_PACKET_TX_RING 1
#define HAVE_LIBPCAP 1
#define HAVE_NETINET_IN_H 1
#define HAVE_NETINET_IN_H 1
#define HAVE_INTTYPES_H 1
#define HAVE_MEMORY_H 1
#define HAVE_NETDB_H 1
#define HAVE_NETINET_IN_H 1
#define HAVE_STDINT_H 1
#define HAVE_STDLIB_H 1
#define HAVE_STRING_H 1
#define HAVE_SYS_IOCTL_H 1
#define HAVE_SYS_PARAM_H 1
#define HAVE_SYS_SOCKET_H 1
#define HAVE_SYS_TIME_H 1
#define HAVE_UNISTD_H 1
#define HAVE_STDLIB_H 1
#define HAVE_MALLOC 1
#define HAVE_STDLIB_H 1
#define HAVE_UNISTD_H 1
#define HAVE_SYS_PARAM_H 1
#define HAVE_GETPAGESIZE 1
#define HAVE_MMAP 1
#define HAVE_GETHOSTBYNAME 1
#define HAVE_GETPAGESIZE 1
#define HAVE_MEMSET 1
#define HAVE_MUNMAP 1
#define HAVE_SOCKET 1
#define HAVE_STRCHR 1
#define HAVE_STRCSPN 1
#define HAVE_STRDUP 1
#define HAVE_STRERROR 1
#define HAVE_STRRCHR 1
#define HAVE_STRSTR 1
#define HAVE_STRTOUL 1

configure: exit 0
